**********************
Windows PowerShell transcript start
Start time: 20251026214049
Username: WIN-T1HD2QBCR85\Administrator
RunAs User: WIN-T1HD2QBCR85\Administrator
Configuration Name: 
Machine: WIN-T1HD2QBCR85 (Microsoft Windows NT 10.0.26100.0)
Host Application: PowerShell.exe -NoProfile -ExecutionPolicy Bypass -File C:\Users\Administrator\Desktop\Operations\Setup\Initial Setup\Register-WireGuardServer.ps1
Process ID: 7812
PSVersion: 5.1.26100.1591
PSEdition: Desktop
PSCompatibleVersions: 1.0, 2.0, 3.0, 4.0, 5.0, 5.1.26100.1591
BuildVersion: 10.0.26100.1591
CLRVersion: 4.0.30319.42000
WSManStackVersion: 3.0
PSRemotingProtocolVersion: 2.3
SerializationVersion: 1.1.0.1
**********************
Transcript started, output file is C:\Users\Administrator\Desktop\Operations\System Core\Logs\WireGuard Firebase Registration Script\October 26 2025 9-40-49 PM.log
================================
   WireGuard Firebase Registration
================================

[INFO] Capturing system information...

[INFO] Uploading this server to Firebase...


allowNewConnection   : True
capacity             : 800
city                 : Austin
country              : United States
currentCapacity      : 4
lastUpdated          : 2025-10-26T21:42:03.0836764-07:00
location             : Austin, Texas, United States
name                 : Levno Virtual Machine
nickname             : Granite
osVersion            : Microsoft Windows Server 2025 Standard Evaluation
port                 : 5000
publicIP             : 104.184.102.254
requiresSubscription : False
state                : Texas

False
[OK] Server uploaded successfully.
----------------------------------------
Country: United States
Country Requires Subscription: False
Server: Levno Virtual Machine
Nickname: Granite
Location: Austin, Texas, United States
Port: 5000
Public IP: 104.184.102.254
Server Requires Subscription: False
Capacity: 800
Current Capacity: 4
Allow New Connection: True
Firebase Path: servers/United States/servers/Levno Virtual Machine
----------------------------------------

[INFO] Saving local device configuration...
[OK] Created directory: C:\Users\Administrator\Desktop\Operations\System Core\Device Configuration
[OK] Configuration saved at: C:\Users\Administrator\Desktop\Operations\System Core\Device Configuration\DeviceConfig.config
[INFO] Future scripts can use this file to identify and update this node automatically.
**********************
Windows PowerShell transcript end
End time: 20251026214205
**********************
