**********************
Windows PowerShell transcript start
Start time: 20251026214041
Username: WIN-T1HD2QBCR85\Administrator
RunAs User: WIN-T1HD2QBCR85\Administrator
Configuration Name: 
Machine: WIN-T1HD2QBCR85 (Microsoft Windows NT 10.0.26100.0)
Host Application: PowerShell.exe -NoProfile -ExecutionPolicy Bypass -File C:\Users\Administrator\Desktop\Operations\Setup\Initial Setup\FirebasePortRule.ps1
Process ID: 7660
PSVersion: 5.1.26100.1591
PSEdition: Desktop
PSCompatibleVersions: 1.0, 2.0, 3.0, 4.0, 5.0, 5.1.26100.1591
BuildVersion: 10.0.26100.1591
CLRVersion: 4.0.30319.42000
WSManStackVersion: 3.0
PSRemotingProtocolVersion: 2.3
SerializationVersion: 1.1.0.1
**********************
Transcript started, output file is C:\Users\Administrator\Desktop\Operations\System Core\Logs\Firebase Listener Port Configurator Script\October 26 2025 9-40-41 PM.log
================================
   Firebase Listener Port Configurator
================================
[INFO] Checking existing firewall rules...
[ACTION] Creating inbound rule for TCP port 5000...
[OK] Firewall rule 'Firebase Listener Port 5000' active for TCP port 5000

================================
   Firewall configuration complete.
================================

Name                                   DisplayName                 DisplayGroup Enabled Profile Direction Act
                                                                                                          ion
----                                   -----------                 ------------ ------- ------- --------- ---
{b3497b00-8b2b-4c02-9b47-358ff1824fc6} Firebase Listener Port 5000              True    Any     Inbound   All


**********************
Windows PowerShell transcript end
End time: 20251026214044
**********************
