2025-10-26 22:26:21 ================ ASSIGN_IP START ================
2025-10-26 22:26:22 [STEP 1] Received public key: 5o9gmif3vK4YaztaOCfCwjFn5ksojDgf6J5jj7OwQxE=
2025-10-26 22:26:22 [STEP 2] Active WG interface detected: Tunnel-antiarin
2025-10-26 22:26:22 [DEBUG] wg show output:
interface: Tunnel-antiarin   public key: dT9+o/fNm5+pNPqiB1gczlnjRuRwNldVDW1SEBPeljs=   private key: (hidden)   listening port: 51821
2025-10-26 22:26:22 [INFO] Listen port: 51821
2025-10-26 22:26:22 [INFO] Server public key: dT9+o/fNm5+pNPqiB1gczlnjRuRwNldVDW1SEBPeljs=
2025-10-26 22:26:24 [INFO] Detected base subnet from Tunnel-antiarin: 10.1.0
2025-10-26 22:26:24 [INFO] Existing peer IPs: 
2025-10-26 22:26:24 [STEP 6] Generating unique IP...
2025-10-26 22:26:24 [INFO] Selected IP: 10.1.0.243
2025-10-26 22:26:24 [STEP 7] Adding peer to Tunnel-antiarin...
2025-10-26 22:26:25 [CMD-OK] Peer added successfully
2025-10-26 22:26:25 [STEP 8] Final JSON result:
{
    "port":  51821,
    "serverPublicKey":  "dT9+o/fNm5+pNPqiB1gczlnjRuRwNldVDW1SEBPeljs=",
    "assignedIP":  "10.1.0.243"
}
2025-10-26 22:26:25 ================ ASSIGN_IP END ================
