2025-10-27 11:13:29 ================ ASSIGN_IP START ================
2025-10-27 11:13:29 [STEP 1] Received public key: 5o9gmif3vK4YaztaOCfCwjFn5ksojDgf6J5jj7OwQxE=
2025-10-27 11:13:29 [STEP 2] Active WG interface detected: Tunnel-antiarin
2025-10-27 11:13:29 [DEBUG] wg show output:
interface: Tunnel-antiarin   public key: dT9+o/fNm5+pNPqiB1gczlnjRuRwNldVDW1SEBPeljs=   private key: (hidden)   listening port: 51821
2025-10-27 11:13:29 [INFO] Listen port: 51821
2025-10-27 11:13:29 [INFO] Server public key: dT9+o/fNm5+pNPqiB1gczlnjRuRwNldVDW1SEBPeljs=
2025-10-27 11:13:30 [INFO] Detected base subnet from Tunnel-antiarin: 10.1.0
2025-10-27 11:13:31 [INFO] Existing peer IPs: 
2025-10-27 11:13:31 [STEP 6] Generating unique IP...
2025-10-27 11:13:31 [INFO] Selected IP: 10.1.0.65
2025-10-27 11:13:31 [STEP 7] Adding peer to Tunnel-antiarin...
2025-10-27 11:13:32 [CMD-OK] Peer added successfully
2025-10-27 11:13:32 [STEP 8] Final JSON result:
{
    "port":  51821,
    "serverPublicKey":  "dT9+o/fNm5+pNPqiB1gczlnjRuRwNldVDW1SEBPeljs=",
    "assignedIP":  "10.1.0.65"
}
2025-10-27 11:13:32 ================ ASSIGN_IP END ================
