2025-10-26 22:25:05 ================ ASSIGN_IP START ================
2025-10-26 22:25:05 [STEP 1] Received public key: 5o9gmif3vK4YaztaOCfCwjFn5ksojDgf6J5jj7OwQxE=
2025-10-26 22:25:05 [STEP 2] Active WG interface detected: Tunnel-antiarin Tunnel-transact Tunnel-livre
2025-10-26 22:25:05 [DEBUG] wg show output:

2025-10-26 22:25:05 [INFO] Listen port: 51820
2025-10-26 22:25:05 [INFO] Server public key: unknown
2025-10-26 22:25:07 [WARN] No IP found on interface; fallback to 10.0.0
2025-10-26 22:25:07 [INFO] Existing peer IPs: 
2025-10-26 22:25:07 [STEP 6] Generating unique IP...
2025-10-26 22:25:07 [INFO] Selected IP: 10.0.0.220
2025-10-26 22:25:07 [STEP 7] Adding peer to Tunnel-antiarin Tunnel-transact Tunnel-livre...
2025-10-26 22:25:08 [CMD-FAIL] Exit code: 1
2025-10-26 22:25:08 [STDERR] Invalid argument: Tunnel-transact

2025-10-26 22:25:08 [STEP 8] Final JSON result:
{
    "port":  51820,
    "serverPublicKey":  "unknown",
    "assignedIP":  "10.0.0.220"
}
2025-10-26 22:25:08 ================ ASSIGN_IP END ================
