**********************
Windows PowerShell transcript start
Start time: 20251026214031
Username: WIN-T1HD2QBCR85\Administrator
RunAs User: WIN-T1HD2QBCR85\Administrator
Configuration Name: 
Machine: WIN-T1HD2QBCR85 (Microsoft Windows NT 10.0.26100.0)
Host Application: PowerShell.exe -NoProfile -ExecutionPolicy Bypass -File C:\Users\Administrator\Desktop\Operations\Setup\Initial Setup\SetupWireGuardNAT.ps1
Process ID: 6236
PSVersion: 5.1.26100.1591
PSEdition: Desktop
PSCompatibleVersions: 1.0, 2.0, 3.0, 4.0, 5.0, 5.1.26100.1591
BuildVersion: 10.0.26100.1591
CLRVersion: 4.0.30319.42000
WSManStackVersion: 3.0
PSRemotingProtocolVersion: 2.3
SerializationVersion: 1.1.0.1
**********************
Transcript started, output file is C:\Users\Administrator\Desktop\Operations\System Core\Logs\WireGuard Auto-NAT Configurator Script\October 26 2025 9-40-31 PM.log
================================
   WireGuard Auto-NAT Configurator
================================
[OK] IP forwarding enabled.
[SKIP] Non-WireGuard interface: Ethernet (192.168.1.95)

[MATCH] Configuring NAT for Tunnel-antiarin (10.1.0.1/16)...
  [OK] NAT rule 'Tunnel-antiarin' active for 10.1.0.0/16

================================
   NAT setup complete.
================================

Caption Description ElementName InstanceID        Active ExternalIPInterfaceAddressPrefix IcmpQueryTimeout In
                                                                                                           te
                                                                                                           rn
                                                                                                           al
                                                                                                           IP
                                                                                                           In
                                                                                                           te
                                                                                                           rf
                                                                                                           ac
                                                                                                           eA
                                                                                                           dd
                                                                                                           re
                                                                                                           ss
                                                                                                           Pr
                                                                                                           ef
                                                                                                           ix
------- ----------- ----------- ----------        ------ -------------------------------- ---------------- --
                                Tunnel-antiarin;0   True                                                30 10


**********************
Windows PowerShell transcript end
End time: 20251026214037
**********************
