**********************
Windows PowerShell transcript start
Start time: 20251026220038
Username: WIN-T1HD2QBCR85\Administrator
RunAs User: WIN-T1HD2QBCR85\Administrator
Configuration Name: 
Machine: WIN-T1HD2QBCR85 (Microsoft Windows NT 10.0.26100.0)
Host Application: PowerShell.exe -NoProfile -ExecutionPolicy Bypass -File C:\Users\Administrator\Desktop\Operations\Setup\Initial Setup\DisableUpdate.ps1
Process ID: 5436
PSVersion: 5.1.26100.1591
PSEdition: Desktop
PSCompatibleVersions: 1.0, 2.0, 3.0, 4.0, 5.0, 5.1.26100.1591
BuildVersion: 10.0.26100.1591
CLRVersion: 4.0.30319.42000
WSManStackVersion: 3.0
PSRemotingProtocolVersion: 2.3
SerializationVersion: 1.1.0.1
**********************
Transcript started, output file is C:\Users\Administrator\Desktop\Operations\System Core\Logs\Disable Windows Update Script\October 26 2025 10-00-37 PM.log
Stopping wuauserv...
Disabling wuauserv...
Stopping bits...
Disabling bits...
Stopping dosvc...
Disabling dosvc...
Stopping UsoSvc...
Disabling UsoSvc...
Stopping WaaSMedicSvc...
Disabling WaaSMedicSvc...
Disabling scheduled update tasks...
schtasks : ERROR: Access is denied.
At C:\Users\Administrator\Desktop\Operations\Setup\Initial Setup\DisableUpdate.ps1:49 char:5
+     schtasks /Change /TN $task /Disable 2>$null
+     ~~~~~~~~~~~~~~~~~~~~~~~~~~~~~~~~~~~~~~~~~~~
    + CategoryInfo          : NotSpecified: (ERROR: Access is denied.:String) [], RemoteException
    + FullyQualifiedErrorId : NativeCommandError


schtasks : ERROR: Access is denied.
At C:\Users\Administrator\Desktop\Operations\Setup\Initial Setup\DisableUpdate.ps1:49 char:5
+     schtasks /Change /TN $task /Disable 2>$null
+     ~~~~~~~~~~~~~~~~~~~~~~~~~~~~~~~~~~~~~~~~~~~
    + CategoryInfo          : NotSpecified: (ERROR: Access is denied.:String) [], RemoteException
    + FullyQualifiedErrorId : NativeCommandError


schtasks : ERROR: The specified task name "\Microsoft\Windows\UpdateOrchestrator\UpdateModelTask" does not exist in the 
system.
At C:\Users\Administrator\Desktop\Operations\Setup\Initial Setup\DisableUpdate.ps1:49 char:5
+     schtasks /Change /TN $task /Disable 2>$null
+     ~~~~~~~~~~~~~~~~~~~~~~~~~~~~~~~~~~~~~~~~~~~
    + CategoryInfo          : NotSpecified: (ERROR: The spec... in the system.:String) [], RemoteException
    + FullyQualifiedErrorId : NativeCommandError

schtasks : ERROR: Access is denied.
At C:\Users\Administrator\Desktop\Operations\Setup\Initial Setup\DisableUpdate.ps1:49 char:5
+     schtasks /Change /TN $task /Disable 2>$null
+     ~~~~~~~~~~~~~~~~~~~~~~~~~~~~~~~~~~~~~~~~~~~
    + CategoryInfo          : NotSpecified: (ERROR: Access is denied.:String) [], RemoteException
    + FullyQualifiedErrorId : NativeCommandError


schtasks : ERROR: The specified task name "\Microsoft\Windows\UpdateOrchestrator\Reboot" does not exist in the system.
At C:\Users\Administrator\Desktop\Operations\Setup\Initial Setup\DisableUpdate.ps1:49 char:5
+     schtasks /Change /TN $task /Disable 2>$null
+     ~~~~~~~~~~~~~~~~~~~~~~~~~~~~~~~~~~~~~~~~~~~
    + CategoryInfo          : NotSpecified: (ERROR: The spec... in the system.:String) [], RemoteException
    + FullyQualifiedErrorId : NativeCommandError

schtasks : ERROR: The specified task name "\Microsoft\Windows\WindowsUpdate\Automatic App Update" does not exist in the 
system.
At C:\Users\Administrator\Desktop\Operations\Setup\Initial Setup\DisableUpdate.ps1:49 char:5
+     schtasks /Change /TN $task /Disable 2>$null
+     ~~~~~~~~~~~~~~~~~~~~~~~~~~~~~~~~~~~~~~~~~~~
    + CategoryInfo          : NotSpecified: (ERROR: The spec... in the system.:String) [], RemoteException
    + FullyQualifiedErrorId : NativeCommandError

schtasks : ERROR: The specified task name "\Microsoft\Windows\WindowsUpdate\sih" does not exist in the system.
At C:\Users\Administrator\Desktop\Operations\Setup\Initial Setup\DisableUpdate.ps1:49 char:5
+     schtasks /Change /TN $task /Disable 2>$null
+     ~~~~~~~~~~~~~~~~~~~~~~~~~~~~~~~~~~~~~~~~~~~
    + CategoryInfo          : NotSpecified: (ERROR: The spec... in the system.:String) [], RemoteException
    + FullyQualifiedErrorId : NativeCommandError

schtasks : ERROR: The specified task name "\Microsoft\Windows\WindowsUpdate\sihboot" does not exist in the system.
At C:\Users\Administrator\Desktop\Operations\Setup\Initial Setup\DisableUpdate.ps1:49 char:5
+     schtasks /Change /TN $task /Disable 2>$null
+     ~~~~~~~~~~~~~~~~~~~~~~~~~~~~~~~~~~~~~~~~~~~
    + CategoryInfo          : NotSpecified: (ERROR: The spec... in the system.:String) [], RemoteException
    + FullyQualifiedErrorId : NativeCommandError

Applying policy overrides...
Blocking access to Windows Update servers...

Windows Updates fully disabled. Reboot recommended.
**********************
Windows PowerShell transcript end
End time: 20251026220040
**********************
